2024-10-17 01:06:24,596 [INFO] Activator:176 - 


2024-10-17 01:06:24,598 [INFO] Activator:177 - !SESSION log4j initialized
2024-10-17 01:06:27,386 [INFO] LogOutputStream:77 - [STDOUT_REDIRECT] 
2024-10-17 01:06:29,503 [INFO] ApplicationProperties:184 - Using Application install path: C:\ST\STM32CubeIDE_1.16.0\STM32CubeIDE\plugins\com.st.stm32cube.common.mx_6.12.0.202406281431
2024-10-17 01:06:29,520 [INFO] DbMcusXml:78 - Set database path to: C:\ST\STM32CubeIDE_1.16.0\STM32CubeIDE\plugins\com.st.stm32cube.common.mx_6.12.0.202406281431\\db\/mcu/
2024-10-17 01:06:29,521 [INFO] ApiDb:274 - Set plugin database path to: C:\ST\STM32CubeIDE_1.16.0\STM32CubeIDE\plugins\com.st.stm32cube.common.mx_6.12.0.202406281431\\db\/plugins/boardmanager/
2024-10-17 01:06:29,521 [WARN] ApiDb:259 - Overriding images path with different value:  => C:\ST\STM32CubeIDE_1.16.0\STM32CubeIDE\plugins\com.st.stm32cube.common.mx_6.12.0.202406281431\\db\/plugins/mcufinder/images/
2024-10-17 01:06:29,527 [INFO] ApiDb:250 - Set database path to: C:\Users\Abhinav T J\.stmcufinder\plugins\mcufinder//mcu/
2024-10-17 01:06:29,528 [INFO] DbMcusAds:125 - Set database path to: C:\Users\Abhinav T J\.stmcufinder\plugins\mcufinder//mcu/
2024-10-17 01:06:29,530 [INFO] CrossReferenceDbSqlite:203 - Set database path to: C:\Users\Abhinav T J\.stmcufinder\plugins\mcufinder//mcu/cs/
2024-10-17 01:06:29,620 [INFO] RulesReader:64 - Compatibility file has been processed (297 Rules)
2024-10-17 01:06:29,746 [INFO] DbMcusXml:78 - Set database path to: C:\ST\STM32CubeIDE_1.16.0\STM32CubeIDE\plugins\com.st.stm32cube.common.mx_6.12.0.202406281431\\db\/mcu/
2024-10-17 01:06:29,746 [INFO] ApiDb:274 - Set plugin database path to: C:\ST\STM32CubeIDE_1.16.0\STM32CubeIDE\plugins\com.st.stm32cube.common.mx_6.12.0.202406281431\\db\/plugins/boardmanager/
2024-10-17 01:06:29,747 [INFO] ApiDb:261 - Set plugin images path to: C:\ST\STM32CubeIDE_1.16.0\STM32CubeIDE\plugins\com.st.stm32cube.common.mx_6.12.0.202406281431\\db\/plugins/mcufinder/images/
2024-10-17 01:06:29,747 [WARN] DbFile:41 - Overriding database path with different value: C:\Users\Abhinav T J\.stmcufinder\plugins\mcufinder/ => C:\Users\Abhinav T J\.stmcufinder\plugins\mcufinder
2024-10-17 01:06:29,747 [INFO] ApiDb:250 - Set database path to: C:\Users\Abhinav T J\.stmcufinder\plugins\mcufinder//mcu/
2024-10-17 01:06:29,747 [WARN] DbFile:41 - Overriding database path with different value: C:\Users\Abhinav T J\.stmcufinder\plugins\mcufinder/ => C:\Users\Abhinav T J\.stmcufinder\plugins\mcufinder
2024-10-17 01:06:29,747 [INFO] DbMcusAds:125 - Set database path to: C:\Users\Abhinav T J\.stmcufinder\plugins\mcufinder//mcu/
2024-10-17 01:06:29,748 [WARN] DbFile:41 - Overriding database path with different value: C:\Users\Abhinav T J\.stmcufinder\plugins\mcufinder/ => C:\Users\Abhinav T J\.stmcufinder\plugins\mcufinder
2024-10-17 01:06:29,748 [WARN] DbFile:41 - Overriding database path with different value: C:\Users\Abhinav T J\.stmcufinder\plugins\mcufinder/ => C:\Users\Abhinav T J\.stmcufinder\plugins\mcufinder
2024-10-17 01:06:29,748 [INFO] CrossReferenceDbSqlite:203 - Set database path to: C:\Users\Abhinav T J\.stmcufinder\plugins\mcufinder//mcu/cs/
2024-10-17 01:06:29,844 [INFO] MainPanel:268 - HeapMemory: 268435456
2024-10-17 01:06:29,962 [INFO] DbMcusXml:78 - Set database path to: C:\ST\STM32CubeIDE_1.16.0\STM32CubeIDE\plugins\com.st.stm32cube.common.mx_6.12.0.202406281431\\db\/mcu/
2024-10-17 01:06:29,962 [INFO] ApiDb:274 - Set plugin database path to: C:\ST\STM32CubeIDE_1.16.0\STM32CubeIDE\plugins\com.st.stm32cube.common.mx_6.12.0.202406281431\\db\/plugins/boardmanager/
2024-10-17 01:06:29,962 [INFO] ApiDb:261 - Set plugin images path to: C:\ST\STM32CubeIDE_1.16.0\STM32CubeIDE\plugins\com.st.stm32cube.common.mx_6.12.0.202406281431\\db\/plugins/mcufinder/images/
2024-10-17 01:06:29,962 [WARN] DbFile:41 - Overriding database path with different value: C:\Users\Abhinav T J\.stmcufinder\plugins\mcufinder/ => C:\Users\Abhinav T J\.stmcufinder\plugins\mcufinder
2024-10-17 01:06:29,962 [INFO] ApiDb:250 - Set database path to: C:\Users\Abhinav T J\.stmcufinder\plugins\mcufinder//mcu/
2024-10-17 01:06:29,962 [WARN] DbFile:41 - Overriding database path with different value: C:\Users\Abhinav T J\.stmcufinder\plugins\mcufinder/ => C:\Users\Abhinav T J\.stmcufinder\plugins\mcufinder
2024-10-17 01:06:29,962 [INFO] DbMcusAds:125 - Set database path to: C:\Users\Abhinav T J\.stmcufinder\plugins\mcufinder//mcu/
2024-10-17 01:06:29,962 [WARN] DbFile:41 - Overriding database path with different value: C:\Users\Abhinav T J\.stmcufinder\plugins\mcufinder/ => C:\Users\Abhinav T J\.stmcufinder\plugins\mcufinder
2024-10-17 01:06:29,963 [WARN] DbFile:41 - Overriding database path with different value: C:\Users\Abhinav T J\.stmcufinder\plugins\mcufinder/ => C:\Users\Abhinav T J\.stmcufinder\plugins\mcufinder
2024-10-17 01:06:29,963 [INFO] CrossReferenceDbSqlite:203 - Set database path to: C:\Users\Abhinav T J\.stmcufinder\plugins\mcufinder//mcu/cs/
2024-10-17 01:06:29,982 [INFO] ApplicationProperties:184 - Using Application install path: C:\ST\STM32CubeIDE_1.16.0\STM32CubeIDE\plugins\com.st.stm32cube.common.mx_6.12.0.202406281431
2024-10-17 01:06:29,984 [INFO] PluginManage:196 - Search for loadable plugins [exclusion list=, ]
2024-10-17 01:06:29,986 [INFO] PluginManage:310 - Check plugin analytics
2024-10-17 01:06:30,194 [INFO] AnalyticsPlugin:253 - Accepted Software Licenses: 
2024-10-17 01:06:30,194 [INFO] AnalyticsPlugin:255 - Accepted CMSIS Pack Licenses: 
2024-10-17 01:06:30,194 [INFO] AnalyticsPlugin:257 - Accepted Firmware Licenses: FW.F4.1.28.0
2024-10-17 01:06:30,197 [INFO] PluginManage:359 - Loaded plugin analytics (category:tool,tabindex:-1)
2024-10-17 01:06:30,198 [INFO] PluginManage:310 - Check plugin cadmodel
2024-10-17 01:06:30,214 [INFO] CADModel:105 - Init CAD model plugin
2024-10-17 01:06:30,215 [INFO] PluginManage:359 - Loaded plugin cadmodel (category:power,tabindex:5)
2024-10-17 01:06:30,215 [INFO] PluginManage:310 - Check plugin clock
2024-10-17 01:06:30,238 [INFO] PluginManage:359 - Loaded plugin clock (category:base,tabindex:2)
2024-10-17 01:06:30,239 [INFO] PluginManage:310 - Check plugin ddr
2024-10-17 01:06:30,242 [INFO] PluginManage:359 - Loaded plugin ddr (category:tool,tabindex:6)
2024-10-17 01:06:30,243 [INFO] PluginManage:310 - Check plugin filemanager
2024-10-17 01:06:30,439 [INFO] PluginManage:359 - Loaded plugin filemanager (category:base,tabindex:10)
2024-10-17 01:06:30,439 [INFO] PluginManage:310 - Check plugin ipmanager
2024-10-17 01:06:30,448 [INFO] PluginManage:359 - Loaded plugin ipmanager (category:base,tabindex:5)
2024-10-17 01:06:30,449 [INFO] PluginManage:310 - Check plugin lpbam
2024-10-17 01:06:30,465 [INFO] PluginManage:359 - Loaded plugin lpbam (category:base,tabindex:0)
2024-10-17 01:06:30,466 [INFO] PluginManage:310 - Check plugin memorymap
2024-10-17 01:06:30,489 [INFO] PluginManage:359 - Loaded plugin memorymap (category:base,tabindex:4)
2024-10-17 01:06:30,489 [INFO] PluginManage:310 - Check plugin pinoutandconfiguration
2024-10-17 01:06:30,505 [INFO] PluginManage:359 - Loaded plugin pinoutandconfiguration (category:base,tabindex:1)
2024-10-17 01:06:30,505 [INFO] PluginManage:310 - Check plugin pinoutconfig
2024-10-17 01:06:30,616 [WARN] SupportedApi:132 - Cannot load RTOS API schema: s4s-elt-must-match.1: The content of 'definitions' must match (annotation?, (simpleType | complexType)?, (unique | key | keyref)*)). A problem was found starting at: attribute.
2024-10-17 01:06:30,798 [INFO] PluginManage:359 - Loaded plugin pinoutconfig (category:base,tabindex:0)
2024-10-17 01:06:30,798 [INFO] PluginManage:310 - Check plugin power
2024-10-17 01:06:30,817 [INFO] PluginManage:359 - Loaded plugin power (category:power,tabindex:4)
2024-10-17 01:06:30,817 [INFO] PluginManage:310 - Check plugin projectmanager
2024-10-17 01:06:30,836 [INFO] PluginManage:359 - Loaded plugin projectmanager (category:projectmanager,tabindex:4)
2024-10-17 01:06:30,837 [INFO] PluginManage:310 - Check plugin rif
2024-10-17 01:06:30,852 [INFO] PluginManage:359 - Loaded plugin rif (category:base,tabindex:3)
2024-10-17 01:06:30,852 [INFO] PluginManage:310 - Check plugin thirdparty
2024-10-17 01:06:31,158 [INFO] PluginManage:359 - Loaded plugin thirdparty (category:base,tabindex:-1)
2024-10-17 01:06:31,158 [INFO] PluginManage:310 - Check plugin tools
2024-10-17 01:06:31,158 [WARN] IntegrityCheckThread:84 - waiting for thirdparty lock release [integrity check]
2024-10-17 01:06:31,158 [INFO] IntegrityCheckThread:86 - entering critical section [integrity check]
2024-10-17 01:06:31,159 [INFO] ThirdPartyUpdaterWithRetryManager:70 - Updater plugin not ready yet. [1/15]
2024-10-17 01:06:31,193 [INFO] PluginManage:359 - Loaded plugin tools (category:base,tabindex:7)
2024-10-17 01:06:31,193 [INFO] PluginManage:310 - Check plugin tutovideos
2024-10-17 01:06:31,422 [INFO] PluginManage:359 - Loaded plugin tutovideos (category:base,tabindex:-1)
2024-10-17 01:06:31,422 [INFO] PluginManage:310 - Check plugin updater
2024-10-17 01:06:31,442 [INFO] PluginManage:359 - Loaded plugin updater (category:base,tabindex:12)
2024-10-17 01:06:31,442 [INFO] PluginManage:310 - Check plugin userauth
2024-10-17 01:06:31,448 [INFO] UserAuth:113 - Init User Auth plugin
2024-10-17 01:06:31,448 [INFO] PluginManage:359 - Loaded plugin userauth (category:base,tabindex:14)
2024-10-17 01:06:31,449 [INFO] PluginManage:283 - PluginManage : Loaded plugins [18]
2024-10-17 01:06:31,728 [INFO] PinOutPanel:1561 - setPackage(No Configuration,No Configuration)
2024-10-17 01:06:31,861 [INFO] CADModel:165 - CPN selected for project level
2024-10-17 01:06:31,861 [INFO] CADModel:114 - Register for checkConnection events
2024-10-17 01:06:31,894 [INFO] IPUIPlugin:80 - create IPUIPlugin
2024-10-17 01:06:31,895 [INFO] PluginManager:220 - loadIPPluginJar : add adc
2024-10-17 01:06:31,933 [INFO] IPUIPlugin:80 - create IPUIPlugin
2024-10-17 01:06:31,933 [INFO] PluginManager:220 - loadIPPluginJar : add aes
2024-10-17 01:06:31,981 [INFO] IPUIPlugin:80 - create IPUIPlugin
2024-10-17 01:06:31,981 [INFO] PluginManager:220 - loadIPPluginJar : add can
2024-10-17 01:06:32,008 [INFO] IPUIPlugin:80 - create IPUIPlugin
2024-10-17 01:06:32,008 [INFO] PluginManager:220 - loadIPPluginJar : add comp
2024-10-17 01:06:32,045 [INFO] IPUIPlugin:80 - create IPUIPlugin
2024-10-17 01:06:32,045 [INFO] PluginManager:220 - loadIPPluginJar : add cryp
2024-10-17 01:06:32,059 [INFO] IPUIPlugin:80 - create IPUIPlugin
2024-10-17 01:06:32,059 [INFO] PluginManager:220 - loadIPPluginJar : add ddr_ctrl_phy
2024-10-17 01:06:32,095 [INFO] IPUIPlugin:80 - create IPUIPlugin
2024-10-17 01:06:32,095 [INFO] PluginManager:220 - loadIPPluginJar : add dfsdm
2024-10-17 01:06:32,114 [INFO] IPUIPlugin:80 - create IPUIPlugin
2024-10-17 01:06:32,114 [INFO] PluginManager:220 - loadIPPluginJar : add dma
2024-10-17 01:06:32,170 [INFO] IPUIPlugin:80 - create IPUIPlugin
2024-10-17 01:06:32,171 [INFO] PluginManager:220 - loadIPPluginJar : add dma3
2024-10-17 01:06:32,223 [INFO] IPUIPlugin:80 - create IPUIPlugin
2024-10-17 01:06:32,223 [INFO] PluginManager:220 - loadIPPluginJar : add extmemmanager
2024-10-17 01:06:32,244 [INFO] IPUIPlugin:80 - create IPUIPlugin
2024-10-17 01:06:32,244 [INFO] PluginManager:220 - loadIPPluginJar : add fatfs
2024-10-17 01:06:32,293 [INFO] IPUIPlugin:80 - create IPUIPlugin
2024-10-17 01:06:32,294 [INFO] PluginManager:220 - loadIPPluginJar : add fmc
2024-10-17 01:06:32,309 [INFO] IPUIPlugin:80 - create IPUIPlugin
2024-10-17 01:06:32,310 [INFO] PluginManager:220 - loadIPPluginJar : add freertos
2024-10-17 01:06:32,330 [INFO] IPUIPlugin:80 - create IPUIPlugin
2024-10-17 01:06:32,330 [INFO] PluginManager:220 - loadIPPluginJar : add genericplugin
2024-10-17 01:06:32,421 [INFO] IPUIPlugin:80 - create IPUIPlugin
2024-10-17 01:06:32,422 [INFO] PluginManager:220 - loadIPPluginJar : add gfxmmu
2024-10-17 01:06:32,547 [INFO] IPUIPlugin:80 - create IPUIPlugin
2024-10-17 01:06:32,547 [INFO] PluginManager:220 - loadIPPluginJar : add gic
2024-10-17 01:06:32,562 [INFO] IPUIPlugin:80 - create IPUIPlugin
2024-10-17 01:06:32,562 [INFO] PluginManager:220 - loadIPPluginJar : add gpio
2024-10-17 01:06:32,651 [INFO] IPUIPlugin:80 - create IPUIPlugin
2024-10-17 01:06:32,651 [INFO] PluginManager:220 - loadIPPluginJar : add gtzc
2024-10-17 01:06:32,683 [INFO] IPUIPlugin:80 - create IPUIPlugin
2024-10-17 01:06:32,683 [INFO] PluginManager:220 - loadIPPluginJar : add hash
2024-10-17 01:06:32,739 [INFO] IPUIPlugin:80 - create IPUIPlugin
2024-10-17 01:06:32,739 [INFO] PluginManager:220 - loadIPPluginJar : add i2c
2024-10-17 01:06:32,778 [INFO] IPUIPlugin:80 - create IPUIPlugin
2024-10-17 01:06:32,778 [INFO] PluginManager:220 - loadIPPluginJar : add i2s
2024-10-17 01:06:32,819 [INFO] IPUIPlugin:80 - create IPUIPlugin
2024-10-17 01:06:32,820 [INFO] PluginManager:220 - loadIPPluginJar : add i3c
2024-10-17 01:06:32,920 [INFO] IPUIPlugin:80 - create IPUIPlugin
2024-10-17 01:06:32,921 [INFO] PluginManager:220 - loadIPPluginJar : add ipddr
2024-10-17 01:06:33,009 [INFO] IPUIPlugin:80 - create IPUIPlugin
2024-10-17 01:06:33,010 [INFO] PluginManager:220 - loadIPPluginJar : add linkedlist
2024-10-17 01:06:33,045 [INFO] IPUIPlugin:80 - create IPUIPlugin
2024-10-17 01:06:33,045 [INFO] PluginManager:220 - loadIPPluginJar : add lorawan
2024-10-17 01:06:33,081 [INFO] IPUIPlugin:80 - create IPUIPlugin
2024-10-17 01:06:33,081 [INFO] PluginManager:220 - loadIPPluginJar : add ltdc
2024-10-17 01:06:33,095 [INFO] IPUIPlugin:80 - create IPUIPlugin
2024-10-17 01:06:33,095 [INFO] PluginManager:220 - loadIPPluginJar : add mdma
2024-10-17 01:06:33,108 [INFO] IPUIPlugin:80 - create IPUIPlugin
2024-10-17 01:06:33,108 [INFO] PluginManager:220 - loadIPPluginJar : add nvic
2024-10-17 01:06:33,145 [INFO] IPUIPlugin:80 - create IPUIPlugin
2024-10-17 01:06:33,145 [INFO] PluginManager:220 - loadIPPluginJar : add opamp
2024-10-17 01:06:33,204 [INFO] IPUIPlugin:80 - create IPUIPlugin
2024-10-17 01:06:33,204 [INFO] PluginManager:220 - loadIPPluginJar : add openamp
2024-10-17 01:06:33,246 [INFO] IPUIPlugin:80 - create IPUIPlugin
2024-10-17 01:06:33,247 [INFO] PluginManager:220 - loadIPPluginJar : add pdm2pcm
2024-10-17 01:06:33,261 [INFO] IPUIPlugin:80 - create IPUIPlugin
2024-10-17 01:06:33,264 [INFO] PluginManager:220 - loadIPPluginJar : add plateformsettings
2024-10-17 01:06:33,286 [INFO] IPUIPlugin:80 - create IPUIPlugin
2024-10-17 01:06:33,287 [INFO] PluginManager:220 - loadIPPluginJar : add quadspi
2024-10-17 01:06:33,312 [INFO] IPUIPlugin:80 - create IPUIPlugin
2024-10-17 01:06:33,313 [INFO] PluginManager:220 - loadIPPluginJar : add radio
2024-10-17 01:06:33,326 [INFO] IPUIPlugin:80 - create IPUIPlugin
2024-10-17 01:06:33,326 [INFO] PluginManager:220 - loadIPPluginJar : add resmgrutility
2024-10-17 01:06:33,373 [INFO] IPUIPlugin:80 - create IPUIPlugin
2024-10-17 01:06:33,373 [INFO] PluginManager:220 - loadIPPluginJar : add sai
2024-10-17 01:06:33,411 [INFO] IPUIPlugin:80 - create IPUIPlugin
2024-10-17 01:06:33,411 [INFO] PluginManager:220 - loadIPPluginJar : add spi
2024-10-17 01:06:33,479 [INFO] IPUIPlugin:80 - create IPUIPlugin
2024-10-17 01:06:33,479 [INFO] PluginManager:220 - loadIPPluginJar : add stm32_wpan
2024-10-17 01:06:33,502 [INFO] IPUIPlugin:80 - create IPUIPlugin
2024-10-17 01:06:33,503 [INFO] PluginManager:220 - loadIPPluginJar : add tim
2024-10-17 01:06:33,561 [INFO] IPUIPlugin:80 - create IPUIPlugin
2024-10-17 01:06:33,561 [INFO] PluginManager:220 - loadIPPluginJar : add touchsensing
2024-10-17 01:06:33,583 [INFO] IPUIPlugin:80 - create IPUIPlugin
2024-10-17 01:06:33,583 [INFO] PluginManager:220 - loadIPPluginJar : add tracer_emb
2024-10-17 01:06:33,608 [INFO] IPUIPlugin:80 - create IPUIPlugin
2024-10-17 01:06:33,608 [INFO] PluginManager:220 - loadIPPluginJar : add ts
2024-10-17 01:06:33,631 [INFO] IPUIPlugin:80 - create IPUIPlugin
2024-10-17 01:06:33,631 [INFO] PluginManager:220 - loadIPPluginJar : add tsc
2024-10-17 01:06:33,652 [INFO] IPUIPlugin:80 - create IPUIPlugin
2024-10-17 01:06:33,652 [INFO] PluginManager:220 - loadIPPluginJar : add ucpd
2024-10-17 01:06:33,696 [INFO] IPUIPlugin:80 - create IPUIPlugin
2024-10-17 01:06:33,696 [INFO] PluginManager:220 - loadIPPluginJar : add usart
2024-10-17 01:06:33,739 [INFO] IPUIPlugin:80 - create IPUIPlugin
2024-10-17 01:06:33,739 [INFO] PluginManager:220 - loadIPPluginJar : add usbx
2024-10-17 01:06:33,894 [INFO] CADModel:165 - CPN selected for project level
2024-10-17 01:06:33,894 [INFO] CADModel:114 - Register for checkConnection events
2024-10-17 01:06:33,894 [FATAL] Updater:334 - Updater called before beeing initialized
2024-10-17 01:06:33,894 [ERROR] CADModel:125 - Updater not yet initialized, retry later 
2024-10-17 01:06:34,068 [INFO] CADModel:165 - CPN selected for project level
2024-10-17 01:06:34,068 [INFO] CADModel:114 - Register for checkConnection events
2024-10-17 01:06:34,068 [FATAL] Updater:334 - Updater called before beeing initialized
2024-10-17 01:06:34,068 [ERROR] CADModel:125 - Updater not yet initialized, retry later 
2024-10-17 01:06:34,071 [FATAL] Updater:334 - Updater called before beeing initialized
2024-10-17 01:06:34,160 [INFO] ThirdPartyUpdaterWithRetryManager:70 - Updater plugin not ready yet. [2/15]
2024-10-17 01:06:34,204 [FATAL] Updater:334 - Updater called before beeing initialized
2024-10-17 01:06:34,215 [INFO] DbMcusAds:53 - JSON generation date=Fri Sep 20 21:04:23 SGT 2024 (1726837463113)
2024-10-17 01:06:34,216 [FATAL] Updater:334 - Updater called before beeing initialized
2024-10-17 01:06:34,260 [WARN] DetailPanel:346 - Failed to get advertising image, set to default
2024-10-17 01:06:34,349 [FATAL] Updater:334 - Updater called before beeing initialized
2024-10-17 01:06:34,351 [FATAL] Updater:334 - Updater called before beeing initialized
2024-10-17 01:06:34,351 [FATAL] Updater:334 - Updater called before beeing initialized
2024-10-17 01:06:34,351 [WARN] DetailPanel:346 - Failed to get advertising image, set to default
2024-10-17 01:06:34,352 [FATAL] Updater:334 - Updater called before beeing initialized
2024-10-17 01:06:34,420 [ERROR] Updater:1164 - MainUpdater not yet initialized. External WinMGr cannot be set.
2024-10-17 01:06:34,431 [INFO] Updater:1100 - Updater Version found : 6.12.0
2024-10-17 01:06:34,449 [INFO] ApplicationProperties:184 - Using Application install path: C:\ST\STM32CubeIDE_1.16.0\STM32CubeIDE\plugins\com.st.stm32cube.common.mx_6.12.0.202406281431
2024-10-17 01:06:36,061 [ERROR] LogOutputStream:75 - [STDERR_REDIRECT] Oct 17, 2024 1:06:36 AM java.util.prefs.WindowsPreferences <init>
2024-10-17 01:06:36,064 [ERROR] LogOutputStream:75 - [STDERR_REDIRECT] WARNING: Could not open/create prefs root node Software\JavaSoft\Prefs at root 0xffffffff80000002. Windows RegCreateKeyEx(...) returned error code 5.
2024-10-17 01:06:36,064 [ERROR] LogOutputStream:75 - [STDERR_REDIRECT] 
2024-10-17 01:06:36,740 [INFO] MainUpdater:2873 - connection check result : 10
2024-10-17 01:06:36,741 [INFO] MainUpdater:290 - Updater Check For Update Now.
2024-10-17 01:06:36,741 [INFO] MicroXplorer:498 - Change Database Version : DB.6.0.120
2024-10-17 01:06:36,763 [INFO] McuFinderGlobals:63 - Set McuFinder mode to 2 (CubeIDE integrated)
2024-10-17 01:06:36,773 [INFO] UserAuth:417 - Internet connection configuration mode: 1
2024-10-17 01:06:36,860 [INFO] JxBrowserEngine:152 - Initiate JxBrowser Engine with user profile folder
2024-10-17 01:06:37,060 [INFO] CheckServerUpdateThread:120 - End of CheckServer Thread
2024-10-17 01:06:37,645 [WARN] PackLoader:240 - Cannot read IP mode file for STMicroelectronics.FP-SNS-MOTENVWB1.1.4.0
2024-10-17 01:06:37,668 [WARN] PackLoader:240 - Cannot read IP mode file for STMicroelectronics.X-CUBE-SMBUS.2.1.0
2024-10-17 01:06:37,695 [WARN] PackLoader:240 - Cannot read IP mode file for STMicroelectronics.X-CUBE-WB05N.1.1.0
2024-10-17 01:06:37,755 [WARN] PackLoader:240 - Cannot read IP mode file for STMicroelectronics.X-CUBE-AZRTOS-F7.1.1.0
2024-10-17 01:06:37,785 [WARN] PackLoader:240 - Cannot read IP mode file for STMicroelectronics.FP-SNS-MOTENV1.4.3.2
2024-10-17 01:06:37,917 [WARN] PackLoader:240 - Cannot read IP mode file for STMicroelectronics.X-CUBE-MEMS1.11.0.0
2024-10-17 01:06:38,163 [WARN] PackLoader:240 - Cannot read IP mode file for STMicroelectronics.FP-SNS-FLIGHT1.5.0.2
2024-10-17 01:06:38,193 [WARN] PackLoader:240 - Cannot read IP mode file for STMicroelectronics.X-CUBE-DISPLAY.3.0.0
2024-10-17 01:06:38,224 [WARN] PackLoader:240 - Cannot read IP mode file for STMicroelectronics.X-CUBE-BLE1.7.0.0
2024-10-17 01:06:38,250 [WARN] PackLoader:240 - Cannot read IP mode file for STMicroelectronics.X-CUBE-NFC10.1.0.0
2024-10-17 01:06:38,276 [WARN] PackLoader:240 - Cannot read IP mode file for emotas.I-CUBE-CANOPEN.1.3.0
2024-10-17 01:06:38,299 [WARN] PackLoader:240 - Cannot read IP mode file for STMicroelectronics.X-CUBE-TOUCHGFX.4.22.0
2024-10-17 01:06:38,322 [WARN] PackLoader:240 - Cannot read IP mode file for STMicroelectronics.X-CUBE-BLEMGR.3.1.0
2024-10-17 01:06:38,343 [WARN] PackLoader:240 - Cannot read IP mode file for STMicroelectronics.FP-SNS-SMARTAG2.1.2.0
2024-10-17 01:06:38,378 [INFO] LogOutputStream:77 - [STDOUT_REDIRECT] 1 : Invalid condition id : UX_CORESTACK_Condition cause : null
2024-10-17 01:06:38,380 [INFO] LogOutputStream:77 - [STDOUT_REDIRECT] 1 : Invalid condition id : UX_CORESTACK_Condition cause : null
2024-10-17 01:06:38,382 [INFO] LogOutputStream:77 - [STDOUT_REDIRECT] 1 : Invalid condition id : UX_CORESTACK_Condition cause : null
2024-10-17 01:06:38,384 [INFO] LogOutputStream:77 - [STDOUT_REDIRECT] 1 : Invalid condition id : UX_CORESTACK_Condition cause : null
2024-10-17 01:06:38,386 [INFO] LogOutputStream:77 - [STDOUT_REDIRECT] 1 : Invalid condition id : UX_CORESTACK_Condition cause : null
2024-10-17 01:06:38,397 [WARN] PackLoader:240 - Cannot read IP mode file for STMicroelectronics.X-CUBE-AZRTOS-WL.2.0.0
2024-10-17 01:06:38,415 [WARN] PackLoader:240 - Cannot read IP mode file for STMicroelectronics.FP-SNS-MOTENV1.5.0.0
2024-10-17 01:06:38,432 [WARN] PackLoader:240 - Cannot read IP mode file for wolfSSL.I-CUBE-wolfMQTT.1.19.0
2024-10-17 01:06:38,456 [WARN] PackLoader:240 - Cannot read IP mode file for WES.I-CUBE-Cesium.1.3.0
2024-10-17 01:06:38,477 [WARN] PackLoader:240 - Cannot read IP mode file for STMicroelectronics.X-CUBE-BLE2.3.3.0
2024-10-17 01:06:38,499 [WARN] PackLoader:240 - Cannot read IP mode file for STMicroelectronics.X-CUBE-NFC9.1.0.0
2024-10-17 01:06:38,527 [WARN] PackLoader:240 - Cannot read IP mode file for STMicroelectronics.X-CUBE-TCPP.4.1.0
2024-10-17 01:06:38,554 [WARN] PackLoader:240 - Cannot read IP mode file for STMicroelectronics.X-CUBE-ALGOBUILD.1.3.0
2024-10-17 01:06:38,607 [WARN] PackLoader:240 - Cannot read IP mode file for STMicroelectronics.X-CUBE-AZRTOS-G0.1.1.0
2024-10-17 01:06:38,642 [WARN] PackLoader:240 - Cannot read IP mode file for STMicroelectronics.X-CUBE-SAFEA1.1.2.2
2024-10-17 01:06:38,670 [WARN] PackLoader:240 - Cannot read IP mode file for STMicroelectronics.X-CUBE-NFC4.3.0.0
2024-10-17 01:06:38,705 [WARN] PackLoader:240 - Cannot read IP mode file for EmbeddedOffice.I-CUBE-FS-RTOS.1.0.1
2024-10-17 01:06:38,706 [ERROR] ConditionMgr:805 - Attr not supported : Dmpu
2024-10-17 01:06:38,706 [ERROR] ConditionMgr:805 - Attr not supported : Dmpu
2024-10-17 01:06:38,706 [ERROR] ConditionMgr:805 - Attr not supported : Dmpu
2024-10-17 01:06:38,706 [ERROR] ConditionMgr:805 - Attr not supported : Dmpu
2024-10-17 01:06:38,706 [ERROR] ConditionMgr:805 - Attr not supported : Dmpu
2024-10-17 01:06:38,706 [ERROR] ConditionMgr:805 - Attr not supported : Dmpu
2024-10-17 01:06:38,706 [ERROR] ConditionMgr:805 - Attr not supported : Dmpu
2024-10-17 01:06:38,706 [ERROR] ConditionMgr:805 - Attr not supported : Dmpu
2024-10-17 01:06:38,707 [ERROR] ConditionMgr:805 - Attr not supported : Dmpu
2024-10-17 01:06:38,707 [ERROR] ConditionMgr:805 - Attr not supported : Dmpu
2024-10-17 01:06:38,707 [ERROR] ConditionMgr:805 - Attr not supported : Dmpu
2024-10-17 01:06:38,707 [ERROR] ConditionMgr:805 - Attr not supported : Dmpu
2024-10-17 01:06:38,707 [ERROR] ConditionMgr:805 - Attr not supported : Dmpu
2024-10-17 01:06:38,707 [ERROR] ConditionMgr:805 - Attr not supported : Dmpu
2024-10-17 01:06:38,707 [ERROR] ConditionMgr:805 - Attr not supported : Dmpu
2024-10-17 01:06:38,707 [ERROR] ConditionMgr:805 - Attr not supported : Dmpu
2024-10-17 01:06:38,708 [ERROR] ConditionMgr:805 - Attr not supported : Dmpu
2024-10-17 01:06:38,708 [ERROR] ConditionMgr:805 - Attr not supported : Dmpu
2024-10-17 01:06:38,708 [ERROR] ConditionMgr:805 - Attr not supported : Dmpu
2024-10-17 01:06:38,708 [ERROR] ConditionMgr:805 - Attr not supported : Dmpu
2024-10-17 01:06:38,708 [ERROR] ConditionMgr:805 - Attr not supported : Dmpu
2024-10-17 01:06:38,708 [ERROR] ConditionMgr:805 - Attr not supported : Dmpu
2024-10-17 01:06:38,708 [ERROR] ConditionMgr:805 - Attr not supported : Dmpu
2024-10-17 01:06:38,708 [ERROR] ConditionMgr:805 - Attr not supported : Dmpu
2024-10-17 01:06:38,709 [ERROR] ConditionMgr:805 - Attr not supported : Dmpu
2024-10-17 01:06:38,709 [ERROR] ConditionMgr:805 - Attr not supported : Dmpu
2024-10-17 01:06:38,709 [ERROR] ConditionMgr:805 - Attr not supported : Dmpu
2024-10-17 01:06:38,709 [ERROR] ConditionMgr:805 - Attr not supported : Dmpu
2024-10-17 01:06:38,709 [ERROR] ConditionMgr:805 - Attr not supported : Dmpu
2024-10-17 01:06:38,709 [ERROR] ConditionMgr:805 - Attr not supported : Dmpu
2024-10-17 01:06:38,709 [ERROR] ConditionMgr:805 - Attr not supported : Dmpu
2024-10-17 01:06:38,710 [ERROR] ConditionMgr:805 - Attr not supported : Dmpu
2024-10-17 01:06:38,710 [ERROR] ConditionMgr:805 - Attr not supported : Dmpu
2024-10-17 01:06:38,710 [ERROR] ConditionMgr:805 - Attr not supported : Dmpu
2024-10-17 01:06:38,710 [ERROR] ConditionMgr:805 - Attr not supported : Dmpu
2024-10-17 01:06:38,710 [ERROR] ConditionMgr:805 - Attr not supported : Dmpu
2024-10-17 01:06:38,710 [ERROR] ConditionMgr:805 - Attr not supported : Dmpu
2024-10-17 01:06:38,710 [ERROR] ConditionMgr:805 - Attr not supported : Dmpu
2024-10-17 01:06:38,710 [ERROR] ConditionMgr:805 - Attr not supported : Dmpu
2024-10-17 01:06:38,711 [ERROR] ConditionMgr:805 - Attr not supported : Dmpu
2024-10-17 01:06:38,711 [ERROR] ConditionMgr:805 - Attr not supported : Dmpu
2024-10-17 01:06:38,711 [ERROR] ConditionMgr:805 - Attr not supported : Dmpu
2024-10-17 01:06:38,711 [ERROR] ConditionMgr:805 - Attr not supported : Dmpu
2024-10-17 01:06:38,711 [ERROR] ConditionMgr:805 - Attr not supported : Dmpu
2024-10-17 01:06:38,711 [ERROR] ConditionMgr:805 - Attr not supported : Dmpu
2024-10-17 01:06:38,711 [ERROR] ConditionMgr:805 - Attr not supported : Dmpu
2024-10-17 01:06:38,711 [ERROR] ConditionMgr:805 - Attr not supported : Dmpu
2024-10-17 01:06:38,712 [ERROR] ConditionMgr:805 - Attr not supported : Dmpu
2024-10-17 01:06:38,712 [ERROR] ConditionMgr:805 - Attr not supported : Dmpu
2024-10-17 01:06:38,712 [ERROR] ConditionMgr:805 - Attr not supported : Dmpu
2024-10-17 01:06:38,712 [ERROR] ConditionMgr:805 - Attr not supported : Dmpu
2024-10-17 01:06:38,712 [ERROR] ConditionMgr:805 - Attr not supported : Dmpu
2024-10-17 01:06:38,712 [ERROR] ConditionMgr:805 - Attr not supported : Dmpu
2024-10-17 01:06:38,712 [ERROR] ConditionMgr:805 - Attr not supported : Dmpu
2024-10-17 01:06:38,712 [ERROR] ConditionMgr:805 - Attr not supported : Dmpu
2024-10-17 01:06:38,712 [ERROR] ConditionMgr:805 - Attr not supported : Dmpu
2024-10-17 01:06:38,712 [ERROR] ConditionMgr:805 - Attr not supported : Dmpu
2024-10-17 01:06:38,712 [ERROR] ConditionMgr:805 - Attr not supported : Dmpu
2024-10-17 01:06:38,713 [ERROR] ConditionMgr:805 - Attr not supported : Dmpu
2024-10-17 01:06:38,713 [ERROR] ConditionMgr:805 - Attr not supported : Dmpu
2024-10-17 01:06:38,713 [ERROR] ConditionMgr:805 - Attr not supported : Dmpu
2024-10-17 01:06:38,713 [ERROR] ConditionMgr:805 - Attr not supported : Dmpu
2024-10-17 01:06:38,713 [ERROR] ConditionMgr:805 - Attr not supported : Dmpu
2024-10-17 01:06:38,713 [ERROR] ConditionMgr:805 - Attr not supported : Dmpu
2024-10-17 01:06:38,741 [WARN] PackLoader:240 - Cannot read IP mode file for RealThread.X-CUBE-RT-Thread_Nano.4.1.1
2024-10-17 01:06:38,767 [WARN] PackLoader:240 - Cannot read IP mode file for STMicroelectronics.FP-ATR-SIGFOX1.3.2.0
2024-10-17 01:06:38,795 [WARN] PackLoader:240 - Cannot read IP mode file for STMicroelectronics.X-CUBE-EEPRMA1.5.1.0
2024-10-17 01:06:38,828 [WARN] PackLoader:240 - Cannot read IP mode file for ITTIA_DB.I-CUBE-ITTIADB.8.9.0
2024-10-17 01:06:38,883 [WARN] PackLoader:240 - Cannot read IP mode file for SEGGER.I-CUBE-embOS.1.3.1
2024-10-17 01:06:38,953 [WARN] PackLoader:240 - Cannot read IP mode file for STMicroelectronics.X-CUBE-ALGOBUILD.1.4.0
2024-10-17 01:06:38,974 [WARN] PackLoader:240 - Cannot read IP mode file for STMicroelectronics.X-CUBE-AI.9.1.0
2024-10-17 01:06:38,999 [WARN] PackLoader:240 - Cannot read IP mode file for STMicroelectronics.X-CUBE-GNSS1.6.0.0
2024-10-17 01:06:39,039 [WARN] PackLoader:240 - Cannot read IP mode file for STMicroelectronics.X-CUBE-AZRTOS-F4.1.1.0
2024-10-17 01:06:39,062 [WARN] PackLoader:240 - Cannot read IP mode file for wolfSSL.I-CUBE-wolfSSL.5.6.3
2024-10-17 01:06:39,084 [WARN] PackLoader:240 - Cannot read IP mode file for STMicroelectronics.X-CUBE-ISPU.2.1.0
2024-10-17 01:06:39,103 [WARN] PackLoader:240 - Cannot read IP mode file for STMicroelectronics.X-CUBE-FREERTOS.1.2.0
2024-10-17 01:06:39,146 [WARN] PackLoader:240 - Cannot read IP mode file for STMicroelectronics.X-CUBE-AZRTOS-L5.2.0.0
2024-10-17 01:06:39,216 [WARN] PackLoader:240 - Cannot read IP mode file for STMicroelectronics.X-CUBE-MEMS1.9.6.0
2024-10-17 01:06:39,402 [WARN] PackLoader:240 - Cannot read IP mode file for STMicroelectronics.X-CUBE-NFC6.3.1.0
2024-10-17 01:06:39,421 [WARN] PackLoader:240 - Cannot read IP mode file for STMicroelectronics.X-CUBE-BLEMGR.2.0.0
2024-10-17 01:06:39,440 [WARN] PackLoader:240 - Cannot read IP mode file for STMicroelectronics.X-CUBE-DPower.1.2.0
2024-10-17 01:06:39,456 [WARN] PackLoader:240 - Cannot read IP mode file for STMicroelectronics.X-CUBE-AI.9.0.0
2024-10-17 01:06:39,491 [WARN] ConditionMgr:438 - getConditionDescription Invalid condition id : UX DEVICE CLASS RTOS Condition cause : null
2024-10-17 01:06:39,491 [WARN] ConditionMgr:438 - getConditionDescription Invalid condition id : UX DEVICE CLASS RTOS Condition cause : null
2024-10-17 01:06:39,494 [WARN] PackLoader:240 - Cannot read IP mode file for STMicroelectronics.X-CUBE-AZRTOS-H7.3.1.0
2024-10-17 01:06:39,496 [WARN] ConditionMgr:1039 - genDependencies : Invalid condition id : UX DEVICE CLASS RTOS Condition cause : null
2024-10-17 01:06:39,496 [WARN] ConditionMgr:1039 - genDependencies : Invalid condition id : UX DEVICE CLASS RTOS Condition cause : null
2024-10-17 01:06:39,497 [WARN] ConditionMgr:1039 - genDependencies : Invalid condition id : UX DEVICE CLASS RTOS Condition cause : null
2024-10-17 01:06:39,498 [WARN] ConditionMgr:1039 - genDependencies : Invalid condition id : UX DEVICE CLASS RTOS Condition cause : null
2024-10-17 01:06:39,498 [WARN] ConditionMgr:1039 - genDependencies : Invalid condition id : UX DEVICE CLASS RTOS Condition cause : null
2024-10-17 01:06:39,519 [WARN] PackLoader:240 - Cannot read IP mode file for STMicroelectronics.X-CUBE-NFC7.1.0.1
2024-10-17 01:06:39,539 [WARN] PackLoader:240 - Cannot read IP mode file for STMicroelectronics.X-CUBE-NFC6.3.0.0
2024-10-17 01:06:39,558 [WARN] PackLoader:240 - Cannot read IP mode file for STMicroelectronics.X-CUBE-EEPRMA1.4.1.0
2024-10-17 01:06:39,578 [WARN] PackLoader:240 - Cannot read IP mode file for STMicroelectronics.X-CUBE-AI.8.1.0
2024-10-17 01:06:39,614 [WARN] ConditionMgr:438 - getConditionDescription Invalid condition id : LAN8742 Phy interface Condition cause : null
2024-10-17 01:06:39,615 [WARN] PackLoader:240 - Cannot read IP mode file for STMicroelectronics.X-CUBE-AZRTOS-L4.2.0.0
2024-10-17 01:06:39,617 [WARN] ConditionMgr:1039 - genDependencies : Invalid condition id : LAN8742 Phy interface Condition cause : null
2024-10-17 01:06:39,618 [WARN] ConditionMgr:1039 - genDependencies : Invalid condition id : LAN8742 Phy interface Condition cause : null
2024-10-17 01:06:39,618 [WARN] ConditionMgr:1039 - genDependencies : Invalid condition id : LAN8742 Phy interface Condition cause : null
2024-10-17 01:06:39,644 [WARN] PackLoader:240 - Cannot read IP mode file for STMicroelectronics.X-CUBE-SFXS2LP1.4.0.0
2024-10-17 01:06:39,668 [WARN] PackLoader:240 - Cannot read IP mode file for STMicroelectronics.X-CUBE-ISPU.1.1.0
2024-10-17 01:06:39,711 [WARN] PackLoader:240 - Cannot read IP mode file for STMicroelectronics.X-CUBE-AZRTOS-H7.3.3.0
2024-10-17 01:06:39,748 [WARN] PackLoader:240 - Cannot read IP mode file for STMicroelectronics.X-CUBE-IPS.3.0.0
2024-10-17 01:06:39,789 [WARN] ConditionMgr:438 - getConditionDescription Invalid condition id : UX DEVICE CLASS RTOS Condition cause : null
2024-10-17 01:06:39,790 [WARN] ConditionMgr:438 - getConditionDescription Invalid condition id : UX DEVICE CLASS RTOS Condition cause : null
2024-10-17 01:06:39,792 [WARN] PackLoader:240 - Cannot read IP mode file for STMicroelectronics.X-CUBE-AZRTOS-WB.2.0.0
2024-10-17 01:06:39,793 [WARN] ConditionMgr:1039 - genDependencies : Invalid condition id : UX DEVICE CLASS RTOS Condition cause : null
2024-10-17 01:06:39,793 [WARN] ConditionMgr:1039 - genDependencies : Invalid condition id : UX DEVICE CLASS RTOS Condition cause : null
2024-10-17 01:06:39,793 [WARN] ConditionMgr:1039 - genDependencies : Invalid condition id : UX DEVICE CLASS RTOS Condition cause : null
2024-10-17 01:06:39,794 [WARN] ConditionMgr:1039 - genDependencies : Invalid condition id : UX DEVICE CLASS RTOS Condition cause : null
2024-10-17 01:06:39,794 [WARN] ConditionMgr:1039 - genDependencies : Invalid condition id : UX DEVICE CLASS RTOS Condition cause : null
2024-10-17 01:06:39,814 [WARN] PackLoader:240 - Cannot read IP mode file for STMicroelectronics.X-CUBE-GNSS1.7.0.0
2024-10-17 01:06:39,835 [WARN] PackLoader:240 - Cannot read IP mode file for STMicroelectronics.FP-SNS-STBOX1.2.0.0
2024-10-17 01:06:39,866 [WARN] PackLoader:240 - Cannot read IP mode file for STMicroelectronics.X-CUBE-SUBG2.5.0.0
2024-10-17 01:06:39,893 [WARN] PackLoader:240 - Cannot read IP mode file for Cesanta.I-CUBE-Mongoose.7.13.0
2024-10-17 01:06:39,918 [WARN] PackLoader:240 - Cannot read IP mode file for STMicroelectronics.X-CUBE-TOF1.3.3.1
2024-10-17 01:06:39,955 [WARN] PackLoader:240 - Cannot read IP mode file for STMicroelectronics.X-CUBE-AZRTOS-G4.2.0.0
2024-10-17 01:06:39,973 [WARN] PackLoader:240 - Cannot read IP mode file for STMicroelectronics.X-CUBE-ISPU.2.0.0
2024-10-17 01:06:39,990 [WARN] PackLoader:240 - Cannot read IP mode file for STMicroelectronics.X-CUBE-ALS.1.0.2
2024-10-17 01:06:40,004 [WARN] PackLoader:240 - Cannot read IP mode file for STMicroelectronics.X-CUBE-FREERTOS.1.1.0
2024-10-17 01:06:40,019 [WARN] PackLoader:240 - Cannot read IP mode file for STMicroelectronics.X-CUBE-TOUCHGFX.4.24.0
2024-10-17 01:06:40,035 [WARN] PackLoader:240 - Cannot read IP mode file for STMicroelectronics.X-CUBE-TOUCHGFX.4.24.1
2024-10-17 01:06:40,054 [WARN] PackLoader:240 - Cannot read IP mode file for wolfSSL.I-CUBE-wolfTPM.3.4.0
2024-10-17 01:06:40,078 [WARN] PackLoader:240 - Cannot read IP mode file for portGmbH.I-Cube-SoM-uGOAL.1.1.0
2024-10-17 01:06:40,095 [WARN] PackLoader:240 - Cannot read IP mode file for STMicroelectronics.X-CUBE-ALS.1.0.1
2024-10-17 01:06:40,129 [WARN] PackLoader:240 - Cannot read IP mode file for STMicroelectronics.X-CUBE-AZRTOS-H7RS.1.0.0
2024-10-17 01:06:40,148 [WARN] PackLoader:240 - Cannot read IP mode file for STMicroelectronics.FP-ATR-ASTRA1.2.0.0
2024-10-17 01:06:40,172 [WARN] PackLoader:240 - Cannot read IP mode file for STMicroelectronics.X-CUBE-TOF1.3.4.2
2024-10-17 01:06:40,220 [WARN] PackLoader:240 - Cannot read IP mode file for Infineon.AIROC-Wi-Fi-Bluetooth-STM32.1.6.1
2024-10-17 01:06:40,240 [WARN] PackLoader:240 - Cannot read IP mode file for wolfSSL.I-CUBE-wolfSSH.1.4.17
2024-10-17 01:06:40,241 [INFO] ThirdParty:978 - Integrity check success = true
2024-10-17 01:06:40,241 [INFO] IntegrityCheckThread:100 - exiting critical section [integrity check]
2024-10-17 01:06:40,241 [INFO] IntegrityCheckThread:103 - End integrity checks thread
2024-10-17 01:06:46,129 [INFO] WebApp:167 - Instantiating new browser for Auth
2024-10-17 01:06:47,049 [INFO] WebApp:448 - Apply proxy settings
2024-10-17 01:06:47,049 [INFO] WebApp:533 - Chromium requires no authentication
2024-10-17 01:06:47,060 [INFO] WebApp:476 - Direct internet connection detected
2024-10-17 01:06:47,086 [INFO] WebApp:869 - Register for checkConnection events
2024-10-17 01:06:47,087 [INFO] WebApp:448 - Apply proxy settings
2024-10-17 01:06:47,087 [INFO] WebApp:533 - Chromium requires no authentication
2024-10-17 01:06:47,087 [INFO] WebApp:476 - Direct internet connection detected
2024-10-17 01:06:47,228 [INFO] WebApp:186 - Connection restablished
2024-10-17 01:06:47,341 [INFO] WebApp:220 - Starting web application
2024-10-17 01:06:47,341 [INFO] WebApp:578 - Web application path used C:\ST\STM32CubeIDE_1.16.0\STM32CubeIDE\plugins\com.st.stm32cube.common.mx_6.12.0.202406281431\db\plugins\mcufinder\reactClient1\index.html
2024-10-17 01:06:47,512 [INFO] UserAuth:417 - Internet connection configuration mode: 1
2024-10-17 01:07:01,039 [ERROR] LogOutputStream:75 - [STDERR_REDIRECT] 
2024-10-17 01:07:01,040 [ERROR] LogOutputStream:75 - [STDERR_REDIRECT] 
